<?xml version="1.0" encoding="UTF-8"?>
<!-- Generated by org.testng.reporters.JUnitXMLReporter -->
<testsuite hostname="vivek" ignored="0" name="Default test" tests="4" failures="0" timestamp="26 Apr 2018 03:09:18 GMT" time="199.21" errors="0">
  <testcase name="storeMovieTitlesInArrayList" time="16.554" classname="com.qa.imdb.runTest.RunTest"/>
  <testcase name="storeMovieRatingsInArrayList" time="16.539" classname="com.qa.imdb.runTest.RunTest"/>
  <testcase name="storeMovieYearsInArrayList" time="16.263" classname="com.qa.imdb.runTest.RunTest"/>
  <testcase name="fetchImdbDataFromTable" time="57.104" classname="com.qa.imdb.runTest.RunTest"/>
</testsuite> <!-- Default test -->
